D:\посл семестр\хд\1\Проект1\Проект1\DEBUG\MAIN.OBJ
D:\ПОСЛ СЕМЕСТР\ХД\1\ПРОЕКТ1\ПРОЕКТ1\DEBUG\VC110.PDB
D:\посл семестр\хд\1\Проект1\DEBUG\Проект1.ILK
D:\посл семестр\хд\1\Проект1\DEBUG\Проект1.EXE
D:\ПОСЛ СЕМЕСТР\ХД\1\ПРОЕКТ1\DEBUG\ПРОЕКТ1.PDB
D:\посл семестр\хд\1\Проект1\Проект1\Debug\main.obj
D:\посл семестр\хд\1\Проект1\Проект1\Debug\cl.command.1.tlog
D:\посл семестр\хд\1\Проект1\Проект1\Debug\CL.read.1.tlog
D:\посл семестр\хд\1\Проект1\Проект1\Debug\CL.write.1.tlog
D:\посл семестр\хд\1\Проект1\Проект1\Debug\link-cvtres.read.1.tlog
D:\посл семестр\хд\1\Проект1\Проект1\Debug\link-cvtres.write.1.tlog
D:\посл семестр\хд\1\Проект1\Проект1\Debug\link-rc.read.1.tlog
D:\посл семестр\хд\1\Проект1\Проект1\Debug\link-rc.write.1.tlog
D:\посл семестр\хд\1\Проект1\Проект1\Debug\link.command.1.tlog
D:\посл семестр\хд\1\Проект1\Проект1\Debug\link.read.1.tlog
D:\посл семестр\хд\1\Проект1\Проект1\Debug\link.write.1.tlog
D:\посл семестр\хд\1\Проект1\Проект1\Debug\vc110.idb
D:\посл семестр\хд\1\Проект1\Проект1\Debug\vc110.pdb
D:\посл семестр\хд\1\Проект1\Debug\Проект1.pdb
D:\посл семестр\хд\1\Проект1\Debug\Проект1.exe
D:\посл семестр\хд\1\Проект1\Debug\Проект1.ilk
