Построение начато 13.12.2016 0:38:18.
     1>Проект "D:\посл семестр\хд\1\Проект1\Проект1\Проект1.vcxproj" в узле 2 (целевые объекты Build).
     1>InitializeBuildStatus:
         Создание "x64\Release\Проект1.unsuccessfulbuild", так как было задано "AlwaysCreate".
       ClCompile:
         C:\Program Files (x86)\Microsoft Visual Studio 11.0\VC\bin\x86_amd64\CL.exe /c /Zi /nologo /W3 /WX- /O2 /Oi /GL /D _UNICODE /D UNICODE /Gm- /EHsc /MD /GS /Gy /fp:precise /Zc:wchar_t /Zc:forScope /Fo"x64\Release\\" /Fd"x64\Release\vc110.pdb" /Gd /TP /errorReport:prompt C:\Users\sp10\Desktop\lr\opencv\opencv\opencv\main.cpp
         main.cpp
     1>C:\Users\sp10\Desktop\lr\opencv\opencv\opencv\main.cpp(483): warning C4101: buf: неиспользованная локальная переменная
     1>C:\Users\sp10\Desktop\lr\opencv\opencv\opencv\main.cpp(596): warning C4101: arrDop: неиспользованная локальная переменная
       Link:
         C:\Program Files (x86)\Microsoft Visual Studio 11.0\VC\bin\x86_amd64\link.exe /ERRORREPORT:PROMPT /OUT:"D:\посл семестр\хд\1\Проект1\x64\Release\Проект1.exe" /NOLOGO opencv_ts300.lib opencv_world300.lib kernel32.lib user32.lib gdi32.lib winspool.lib comdlg32.lib advapi32.lib shell32.lib ole32.lib oleaut32.lib uuid.lib odbc32.lib odbccp32.lib kernel32.lib user32.lib gdi32.lib winspool.lib comdlg32.lib advapi32.lib shell32.lib ole32.lib oleaut32.lib uuid.lib odbc32.lib odbccp32.lib /MANIFEST /MANIFESTUAC:"level='asInvoker' uiAccess='false'" /manifest:embed /DEBUG /PDB:"D:\посл семестр\хд\1\Проект1\x64\Release\Проект1.pdb" /OPT:REF /OPT:ICF /LTCG /TLBID:1 /DYNAMICBASE /NXCOMPAT /IMPLIB:"D:\посл семестр\хд\1\Проект1\x64\Release\Проект1.lib" /MACHINE:X64 x64\Release\main.obj
         Создание кода
         Создание кода завершено
         Проект1.vcxproj -> D:\посл семестр\хд\1\Проект1\x64\Release\Проект1.exe
       FinalizeBuildStatus:
         Файл "x64\Release\Проект1.unsuccessfulbuild" удаляется.
         Обращение к "x64\Release\Проект1.lastbuildstate".
     1>Построение проекта "D:\посл семестр\хд\1\Проект1\Проект1\Проект1.vcxproj" завершено (целевые объекты Build).

Построение успешно завершено.

Затраченное время: 00:00:02.05
